<?xml version="1.0" encoding="UTF-8"?>
<testsuite name="ru.stqa.geometry.figures.TriangleTests" tests="2" skipped="0" failures="0" errors="0" timestamp="2024-06-09T19:37:08" hostname="REGENBOGENTOD" time="0.015">
  <properties/>
  <testcase name="CalculateSquare()" classname="ru.stqa.geometry.figures.TriangleTests" time="0.012"/>
  <testcase name="CalculatePerimeter()" classname="ru.stqa.geometry.figures.TriangleTests" time="0.001"/>
  <system-out><![CDATA[]]></system-out>
  <system-err><![CDATA[]]></system-err>
</testsuite>
